c:\users\algaba97\desktop\git\tpv\holasdl\debug\vc120.pdb
c:\users\algaba97\desktop\git\tpv\holasdl\debug\vc120.idb
c:\users\algaba97\desktop\git\tpv\holasdl\debug\boton.obj
c:\users\algaba97\desktop\git\tpv\holasdl\debug\estadopg.obj
c:\users\algaba97\desktop\git\tpv\holasdl\debug\fuentesdl.obj
c:\users\algaba97\desktop\git\tpv\holasdl\debug\gameover.obj
c:\users\algaba97\desktop\git\tpv\holasdl\debug\globoa.obj
c:\users\algaba97\desktop\git\tpv\holasdl\debug\mainp1.obj
c:\users\algaba97\desktop\git\tpv\holasdl\debug\objetopg.obj
c:\users\algaba97\desktop\git\tpv\holasdl\debug\texturassdl.obj
c:\users\algaba97\desktop\git\tpv\holasdl\debug\juegopg.obj
c:\users\algaba97\desktop\git\tpv\holasdl\debug\playpg.obj
c:\users\algaba97\desktop\git\tpv\holasdl\debug\globospg.obj
c:\users\algaba97\desktop\git\tpv\holasdl\debug\mariposa.obj
c:\users\algaba97\desktop\git\tpv\holasdl\debug\menupg.obj
c:\users\algaba97\desktop\git\tpv\holasdl\debug\premio.obj
c:\users\algaba97\desktop\git\tpv\bin\holasdldebug.ilk
c:\users\algaba97\desktop\git\tpv\bin\holasdldebug.exe
c:\users\algaba97\desktop\git\tpv\bin\holasdldebug.pdb
c:\users\algaba97\desktop\git\tpv\holasdl\debug\holasdl.tlog\cl.command.1.tlog
c:\users\algaba97\desktop\git\tpv\holasdl\debug\holasdl.tlog\cl.read.1.tlog
c:\users\algaba97\desktop\git\tpv\holasdl\debug\holasdl.tlog\cl.write.1.tlog
c:\users\algaba97\desktop\git\tpv\holasdl\debug\holasdl.tlog\link.command.1.tlog
c:\users\algaba97\desktop\git\tpv\holasdl\debug\holasdl.tlog\link.read.1.tlog
c:\users\algaba97\desktop\git\tpv\holasdl\debug\holasdl.tlog\link.write.1.tlog
